<?xml version="1.0" encoding="utf-8"?>
<shfbBuild product="Sandcastle Help File Builder" version="1.9.6.0" projectFile="c:\ivrToolkit\Documentation\Documentation.shfbproj" started="3/22/2013 11:26:11 AM">
<buildStep step="Initializing">
Finding tools...
Found Sandcastle tools in &#39;C:\Program Files (x86)\Sandcastle\&#39;
</buildStep>
<buildStep step="ValidatingDocumentationSources">
Validating and copying documentation source information
Source: c:\ivrToolkit\ivrToolkit\ivrToolkit.Core\ivrToolkit.Core.csproj
    Found project &#39;c:\ivrToolkit\ivrToolkit\ivrToolkit.Core\ivrToolkit.Core.csproj&#39;

Parsing project files
    Found assembly &#39;c:\ivrToolkit\ivrToolkit\ivrToolkit.Core\bin\Debug\ivrToolkit.Core.dll&#39;

References to include (excluding framework assemblies):
    NLog

Copying XML comments files
    c:\ivrToolkit\ivrToolkit\ivrToolkit.Core\bin\Debug\ivrToolkit.Core.xml -&gt; c:\ivrToolkit\Documentation\Help\Working\ivrToolkit.Core.xml
</buildStep>
<buildStep step="GenerateSharedContent">
Generating shared content files (en-US, English (United States))...
    Last step completed in 00:00:00.0110
</buildStep>
<buildStep step="GenerateApiFilter">
Generating API filter for MRefBuilder...
    Last step completed in 00:00:00.0010
</buildStep>
<buildStep step="GenerateReflectionInfo">
Generating reflection information...
[C:\Windows\Microsoft.NET\Framework\v4.0.30319\MSBuild.exe]
  MRefBuilder (v2.7.2.0)
  Copyright &#184; 2006-2012, Microsoft Corporation, All Rights Reserved
  Info: Loaded 1 assemblies for reflection and 2 dependency assemblies.
  Info: Wrote information on 3 namespaces, 27 types, and 138 members
  XslTransform (v2.7.2.0)
  Copyright &#184; 2006-2012, Microsoft Corporation, All Rights Reserved
  Info: Applying XSL transformation &#39;C:\Program Files (x86)\Sandcastle\ProductionTransforms\MergeDuplicates.xsl&#39;.
    Last step completed in 00:00:01.5042
</buildStep>
<buildStep step="GenerateNamespaceSummaries">
Generating namespace summary information...
    Last step completed in 00:00:00.0010
</buildStep>
<buildStep step="ApplyVisibilityProperties">
Applying visibility properties to reflection information file
    0 attribute nodes removed
    0 explicit interface implementations removed
    0 local and base class EII elements removed
    Last step completed in 00:00:00.1070
</buildStep>
<buildStep step="TransformReflectionInfo">
Transforming reflection output...
[C:\Windows\Microsoft.NET\Framework\v4.0.30319\MSBuild.exe]
  XslTransform (v2.7.2.0)
  Copyright &#184; 2006-2012, Microsoft Corporation, All Rights Reserved
  Info: Applying XSL transformation &#39;C:\Program Files (x86)\Sandcastle\\ProductionTransforms\ApplyVSDocModel.xsl&#39;.
  Info: Applying XSL transformation &#39;C:\Program Files (x86)\Sandcastle\ProductionTransforms\AddGuidFilenames.xsl&#39;.
  XslTransform (v2.7.2.0)
  Copyright &#184; 2006-2012, Microsoft Corporation, All Rights Reserved
  Info: Applying XSL transformation &#39;C:\Program Files (x86)\Sandcastle\ProductionTransforms\ReflectionToManifest.xsl&#39;.
    Last step completed in 00:00:01.0222
</buildStep>
<buildStep step="ModifyHelpTopicFilenames">
Modifying help topic filenames in reflection information file
    Unique name M_ivrToolkit_Core_Exceptions_DisconnectedException__ctor_1 generated for M:ivrToolkit.Core.Exceptions.DisconnectedException.#ctor(System.String)
    Unique name M_ivrToolkit_Core_Exceptions_DisconnectedException__ctor_2 generated for M:ivrToolkit.Core.Exceptions.DisconnectedException.#ctor(System.String,System.Exception)
    Unique name M_ivrToolkit_Core_Exceptions_GetDigitsTimeoutException__ctor_1 generated for M:ivrToolkit.Core.Exceptions.GetDigitsTimeoutException.#ctor(System.String)
    Unique name M_ivrToolkit_Core_Exceptions_GetDigitsTimeoutException__ctor_2 generated for M:ivrToolkit.Core.Exceptions.GetDigitsTimeoutException.#ctor(System.String,System.Exception)
    Unique name M_ivrToolkit_Core_Exceptions_HangupException__ctor_1 generated for M:ivrToolkit.Core.Exceptions.HangupException.#ctor(System.String)
    Unique name M_ivrToolkit_Core_Exceptions_HangupException__ctor_2 generated for M:ivrToolkit.Core.Exceptions.HangupException.#ctor(System.String,System.Exception)
    Unique name M_ivrToolkit_Core_Exceptions_StopException__ctor_1 generated for M:ivrToolkit.Core.Exceptions.StopException.#ctor(System.String)
    Unique name M_ivrToolkit_Core_Exceptions_StopException__ctor_2 generated for M:ivrToolkit.Core.Exceptions.StopException.#ctor(System.String,System.Exception)
    Unique name M_ivrToolkit_Core_Exceptions_TooManyAttempts__ctor_1 generated for M:ivrToolkit.Core.Exceptions.TooManyAttempts.#ctor(System.String)
    Unique name M_ivrToolkit_Core_Exceptions_TooManyAttempts__ctor_2 generated for M:ivrToolkit.Core.Exceptions.TooManyAttempts.#ctor(System.String,System.Exception)
    Unique name M_ivrToolkit_Core_Exceptions_VoiceException__ctor_1 generated for M:ivrToolkit.Core.Exceptions.VoiceException.#ctor(System.String)
    Unique name M_ivrToolkit_Core_Exceptions_VoiceException__ctor_2 generated for M:ivrToolkit.Core.Exceptions.VoiceException.#ctor(System.String,System.Exception)
    Unique name M_ivrToolkit_Core_Util_PromptFunctions_regularPrompt_1 generated for M:ivrToolkit.Core.Util.PromptFunctions.regularPrompt(System.String,System.String[])
    Unique name M_ivrToolkit_Core_Util_PromptFunctions_singleDigitPrompt_1 generated for M:ivrToolkit.Core.Util.PromptFunctions.singleDigitPrompt(System.String,System.String,System.Int32,System.Int32,System.Boolean)
    Unique name M_ivrToolkit_Core_Util_Properties_getProperty_1 generated for M:ivrToolkit.Core.Util.Properties.getProperty(System.String,System.String)
    Unique name M_ivrToolkit_Core_Util_VoiceProperties_getProperty_1 generated for M:ivrToolkit.Core.Util.VoiceProperties.getProperty(System.String,System.String)
    Last step completed in 00:00:00.0140
</buildStep>
<buildStep step="CopyStandardContent">
Copying standard help content...
C:\Program Files (x86)\Sandcastle\\Presentation\VS2010\icons\1_404_bullet.gif -&gt; c:\ivrToolkit\Documentation\Help\Working\Output\Website\icons\1_404_bullet.gif
C:\Program Files (x86)\Sandcastle\\Presentation\VS2010\icons\2_404_bullet.gif -&gt; c:\ivrToolkit\Documentation\Help\Working\Output\Website\icons\2_404_bullet.gif
C:\Program Files (x86)\Sandcastle\\Presentation\VS2010\icons\alert_caution.gif -&gt; c:\ivrToolkit\Documentation\Help\Working\Output\Website\icons\alert_caution.gif
C:\Program Files (x86)\Sandcastle\\Presentation\VS2010\icons\alert_note.gif -&gt; c:\ivrToolkit\Documentation\Help\Working\Output\Website\icons\alert_note.gif
C:\Program Files (x86)\Sandcastle\\Presentation\VS2010\icons\alert_security.gif -&gt; c:\ivrToolkit\Documentation\Help\Working\Output\Website\icons\alert_security.gif
C:\Program Files (x86)\Sandcastle\\Presentation\VS2010\icons\CFW.gif -&gt; c:\ivrToolkit\Documentation\Help\Working\Output\Website\icons\CFW.gif
C:\Program Files (x86)\Sandcastle\\Presentation\VS2010\icons\close.gif -&gt; c:\ivrToolkit\Documentation\Help\Working\Output\Website\icons\close.gif
C:\Program Files (x86)\Sandcastle\\Presentation\VS2010\icons\favicon.ico -&gt; c:\ivrToolkit\Documentation\Help\Working\Output\Website\icons\favicon.ico
C:\Program Files (x86)\Sandcastle\\Presentation\VS2010\icons\footer_slice.gif -&gt; c:\ivrToolkit\Documentation\Help\Working\Output\Website\icons\footer_slice.gif
C:\Program Files (x86)\Sandcastle\\Presentation\VS2010\icons\info_icon.gif -&gt; c:\ivrToolkit\Documentation\Help\Working\Output\Website\icons\info_icon.gif
C:\Program Files (x86)\Sandcastle\\Presentation\VS2010\icons\note.gif -&gt; c:\ivrToolkit\Documentation\Help\Working\Output\Website\icons\note.gif
C:\Program Files (x86)\Sandcastle\\Presentation\VS2010\icons\online_icon.gif -&gt; c:\ivrToolkit\Documentation\Help\Working\Output\Website\icons\online_icon.gif
C:\Program Files (x86)\Sandcastle\\Presentation\VS2010\icons\open.gif -&gt; c:\ivrToolkit\Documentation\Help\Working\Output\Website\icons\open.gif
C:\Program Files (x86)\Sandcastle\\Presentation\VS2010\icons\pencil.GIF -&gt; c:\ivrToolkit\Documentation\Help\Working\Output\Website\icons\pencil.GIF
C:\Program Files (x86)\Sandcastle\\Presentation\VS2010\icons\privclass.gif -&gt; c:\ivrToolkit\Documentation\Help\Working\Output\Website\icons\privclass.gif
C:\Program Files (x86)\Sandcastle\\Presentation\VS2010\icons\privdelegate.gif -&gt; c:\ivrToolkit\Documentation\Help\Working\Output\Website\icons\privdelegate.gif
C:\Program Files (x86)\Sandcastle\\Presentation\VS2010\icons\privenumeration.gif -&gt; c:\ivrToolkit\Documentation\Help\Working\Output\Website\icons\privenumeration.gif
C:\Program Files (x86)\Sandcastle\\Presentation\VS2010\icons\privevent.gif -&gt; c:\ivrToolkit\Documentation\Help\Working\Output\Website\icons\privevent.gif
C:\Program Files (x86)\Sandcastle\\Presentation\VS2010\icons\privextension.gif -&gt; c:\ivrToolkit\Documentation\Help\Working\Output\Website\icons\privextension.gif
C:\Program Files (x86)\Sandcastle\\Presentation\VS2010\icons\privfield.gif -&gt; c:\ivrToolkit\Documentation\Help\Working\Output\Website\icons\privfield.gif
C:\Program Files (x86)\Sandcastle\\Presentation\VS2010\icons\privinterface.gif -&gt; c:\ivrToolkit\Documentation\Help\Working\Output\Website\icons\privinterface.gif
C:\Program Files (x86)\Sandcastle\\Presentation\VS2010\icons\privmethod.gif -&gt; c:\ivrToolkit\Documentation\Help\Working\Output\Website\icons\privmethod.gif
C:\Program Files (x86)\Sandcastle\\Presentation\VS2010\icons\privproperty.gif -&gt; c:\ivrToolkit\Documentation\Help\Working\Output\Website\icons\privproperty.gif
C:\Program Files (x86)\Sandcastle\\Presentation\VS2010\icons\privstructure.gif -&gt; c:\ivrToolkit\Documentation\Help\Working\Output\Website\icons\privstructure.gif
C:\Program Files (x86)\Sandcastle\\Presentation\VS2010\icons\protclass.gif -&gt; c:\ivrToolkit\Documentation\Help\Working\Output\Website\icons\protclass.gif
C:\Program Files (x86)\Sandcastle\\Presentation\VS2010\icons\protdelegate.gif -&gt; c:\ivrToolkit\Documentation\Help\Working\Output\Website\icons\protdelegate.gif
C:\Program Files (x86)\Sandcastle\\Presentation\VS2010\icons\protenumeration.gif -&gt; c:\ivrToolkit\Documentation\Help\Working\Output\Website\icons\protenumeration.gif
C:\Program Files (x86)\Sandcastle\\Presentation\VS2010\icons\protevent.gif -&gt; c:\ivrToolkit\Documentation\Help\Working\Output\Website\icons\protevent.gif
C:\Program Files (x86)\Sandcastle\\Presentation\VS2010\icons\protextension.gif -&gt; c:\ivrToolkit\Documentation\Help\Working\Output\Website\icons\protextension.gif
C:\Program Files (x86)\Sandcastle\\Presentation\VS2010\icons\protfield.gif -&gt; c:\ivrToolkit\Documentation\Help\Working\Output\Website\icons\protfield.gif
C:\Program Files (x86)\Sandcastle\\Presentation\VS2010\icons\protinterface.gif -&gt; c:\ivrToolkit\Documentation\Help\Working\Output\Website\icons\protinterface.gif
C:\Program Files (x86)\Sandcastle\\Presentation\VS2010\icons\protmethod.gif -&gt; c:\ivrToolkit\Documentation\Help\Working\Output\Website\icons\protmethod.gif
C:\Program Files (x86)\Sandcastle\\Presentation\VS2010\icons\protoperator.gif -&gt; c:\ivrToolkit\Documentation\Help\Working\Output\Website\icons\protoperator.gif
C:\Program Files (x86)\Sandcastle\\Presentation\VS2010\icons\protproperty.gif -&gt; c:\ivrToolkit\Documentation\Help\Working\Output\Website\icons\protproperty.gif
C:\Program Files (x86)\Sandcastle\\Presentation\VS2010\icons\protstructure.gif -&gt; c:\ivrToolkit\Documentation\Help\Working\Output\Website\icons\protstructure.gif
C:\Program Files (x86)\Sandcastle\\Presentation\VS2010\icons\pubclass.gif -&gt; c:\ivrToolkit\Documentation\Help\Working\Output\Website\icons\pubclass.gif
C:\Program Files (x86)\Sandcastle\\Presentation\VS2010\icons\pubdelegate.gif -&gt; c:\ivrToolkit\Documentation\Help\Working\Output\Website\icons\pubdelegate.gif
C:\Program Files (x86)\Sandcastle\\Presentation\VS2010\icons\pubenumeration.gif -&gt; c:\ivrToolkit\Documentation\Help\Working\Output\Website\icons\pubenumeration.gif
C:\Program Files (x86)\Sandcastle\\Presentation\VS2010\icons\pubevent.gif -&gt; c:\ivrToolkit\Documentation\Help\Working\Output\Website\icons\pubevent.gif
C:\Program Files (x86)\Sandcastle\\Presentation\VS2010\icons\pubextension.gif -&gt; c:\ivrToolkit\Documentation\Help\Working\Output\Website\icons\pubextension.gif
C:\Program Files (x86)\Sandcastle\\Presentation\VS2010\icons\pubfield.gif -&gt; c:\ivrToolkit\Documentation\Help\Working\Output\Website\icons\pubfield.gif
C:\Program Files (x86)\Sandcastle\\Presentation\VS2010\icons\pubinterface.gif -&gt; c:\ivrToolkit\Documentation\Help\Working\Output\Website\icons\pubinterface.gif
C:\Program Files (x86)\Sandcastle\\Presentation\VS2010\icons\pubmethod.gif -&gt; c:\ivrToolkit\Documentation\Help\Working\Output\Website\icons\pubmethod.gif
C:\Program Files (x86)\Sandcastle\\Presentation\VS2010\icons\puboperator.gif -&gt; c:\ivrToolkit\Documentation\Help\Working\Output\Website\icons\puboperator.gif
C:\Program Files (x86)\Sandcastle\\Presentation\VS2010\icons\pubproperty.gif -&gt; c:\ivrToolkit\Documentation\Help\Working\Output\Website\icons\pubproperty.gif
C:\Program Files (x86)\Sandcastle\\Presentation\VS2010\icons\pubstructure.gif -&gt; c:\ivrToolkit\Documentation\Help\Working\Output\Website\icons\pubstructure.gif
C:\Program Files (x86)\Sandcastle\\Presentation\VS2010\icons\search.gif -&gt; c:\ivrToolkit\Documentation\Help\Working\Output\Website\icons\search.gif
C:\Program Files (x86)\Sandcastle\\Presentation\VS2010\icons\search_bk.gif -&gt; c:\ivrToolkit\Documentation\Help\Working\Output\Website\icons\search_bk.gif
C:\Program Files (x86)\Sandcastle\\Presentation\VS2010\icons\security.gif -&gt; c:\ivrToolkit\Documentation\Help\Working\Output\Website\icons\security.gif
C:\Program Files (x86)\Sandcastle\\Presentation\VS2010\icons\slMobile.gif -&gt; c:\ivrToolkit\Documentation\Help\Working\Output\Website\icons\slMobile.gif
C:\Program Files (x86)\Sandcastle\\Presentation\VS2010\icons\static.gif -&gt; c:\ivrToolkit\Documentation\Help\Working\Output\Website\icons\static.gif
C:\Program Files (x86)\Sandcastle\\Presentation\VS2010\icons\tabLeftBG.gif -&gt; c:\ivrToolkit\Documentation\Help\Working\Output\Website\icons\tabLeftBG.gif
C:\Program Files (x86)\Sandcastle\\Presentation\VS2010\icons\tabRightBG.gif -&gt; c:\ivrToolkit\Documentation\Help\Working\Output\Website\icons\tabRightBG.gif
C:\Program Files (x86)\Sandcastle\\Presentation\VS2010\icons\ui_om_collapse.gif -&gt; c:\ivrToolkit\Documentation\Help\Working\Output\Website\icons\ui_om_collapse.gif
C:\Program Files (x86)\Sandcastle\\Presentation\VS2010\icons\ui_om_expand.gif -&gt; c:\ivrToolkit\Documentation\Help\Working\Output\Website\icons\ui_om_expand.gif
C:\Program Files (x86)\Sandcastle\\Presentation\VS2010\icons\xna.gif -&gt; c:\ivrToolkit\Documentation\Help\Working\Output\Website\icons\xna.gif
C:\Program Files (x86)\Sandcastle\\Presentation\VS2010\scripts\branding.js -&gt; c:\ivrToolkit\Documentation\Help\Working\Output\Website\scripts\branding.js
C:\Program Files (x86)\Sandcastle\\Presentation\VS2010\styles\branding-cs-CZ.css -&gt; c:\ivrToolkit\Documentation\Help\Working\Output\Website\styles\branding-cs-CZ.css
C:\Program Files (x86)\Sandcastle\\Presentation\VS2010\styles\branding-de-DE.css -&gt; c:\ivrToolkit\Documentation\Help\Working\Output\Website\styles\branding-de-DE.css
C:\Program Files (x86)\Sandcastle\\Presentation\VS2010\styles\branding-en-US.css -&gt; c:\ivrToolkit\Documentation\Help\Working\Output\Website\styles\branding-en-US.css
C:\Program Files (x86)\Sandcastle\\Presentation\VS2010\styles\branding-es-ES.css -&gt; c:\ivrToolkit\Documentation\Help\Working\Output\Website\styles\branding-es-ES.css
C:\Program Files (x86)\Sandcastle\\Presentation\VS2010\styles\branding-fr-FR.css -&gt; c:\ivrToolkit\Documentation\Help\Working\Output\Website\styles\branding-fr-FR.css
C:\Program Files (x86)\Sandcastle\\Presentation\VS2010\styles\branding-it-IT.css -&gt; c:\ivrToolkit\Documentation\Help\Working\Output\Website\styles\branding-it-IT.css
C:\Program Files (x86)\Sandcastle\\Presentation\VS2010\styles\branding-ja-JP.css -&gt; c:\ivrToolkit\Documentation\Help\Working\Output\Website\styles\branding-ja-JP.css
C:\Program Files (x86)\Sandcastle\\Presentation\VS2010\styles\branding-ko-KR.css -&gt; c:\ivrToolkit\Documentation\Help\Working\Output\Website\styles\branding-ko-KR.css
C:\Program Files (x86)\Sandcastle\\Presentation\VS2010\styles\branding-pl-PL.css -&gt; c:\ivrToolkit\Documentation\Help\Working\Output\Website\styles\branding-pl-PL.css
C:\Program Files (x86)\Sandcastle\\Presentation\VS2010\styles\branding-pt-BR.css -&gt; c:\ivrToolkit\Documentation\Help\Working\Output\Website\styles\branding-pt-BR.css
C:\Program Files (x86)\Sandcastle\\Presentation\VS2010\styles\branding-ru-RU.css -&gt; c:\ivrToolkit\Documentation\Help\Working\Output\Website\styles\branding-ru-RU.css
C:\Program Files (x86)\Sandcastle\\Presentation\VS2010\styles\branding-tr-TR.css -&gt; c:\ivrToolkit\Documentation\Help\Working\Output\Website\styles\branding-tr-TR.css
C:\Program Files (x86)\Sandcastle\\Presentation\VS2010\styles\branding-zh-CN.css -&gt; c:\ivrToolkit\Documentation\Help\Working\Output\Website\styles\branding-zh-CN.css
C:\Program Files (x86)\Sandcastle\\Presentation\VS2010\styles\branding-zh-TW.css -&gt; c:\ivrToolkit\Documentation\Help\Working\Output\Website\styles\branding-zh-TW.css
C:\Program Files (x86)\Sandcastle\\Presentation\VS2010\styles\branding.css -&gt; c:\ivrToolkit\Documentation\Help\Working\Output\Website\styles\branding.css
Copying help branding...
C:\Program Files (x86)\Sandcastle\\Presentation\VS2010\branding\dev10.mshc -&gt; c:\ivrToolkit\Documentation\Help\Working\Output\Website\branding\
C:\Program Files (x86)\Sandcastle\\Presentation\VS2010\branding\dev10.mshc -&gt; c:\ivrToolkit\Documentation\Help\Working\branding
    C:\Program Files (x86)\Sandcastle\\Presentation\VS2010\branding\dev10.mshc/body.xslt -> c:\ivrToolkit\Documentation\Help\Working\branding\body.xslt
    C:\Program Files (x86)\Sandcastle\\Presentation\VS2010\branding\dev10.mshc/head.xslt -> c:\ivrToolkit\Documentation\Help\Working\branding\head.xslt
    C:\Program Files (x86)\Sandcastle\\Presentation\VS2010\branding\dev10.mshc/CodeSnippet.xslt -> c:\ivrToolkit\Documentation\Help\Working\branding\CodeSnippet.xslt
    C:\Program Files (x86)\Sandcastle\\Presentation\VS2010\branding\dev10.mshc/codesnippet-cs-CZ.xslt -> c:\ivrToolkit\Documentation\Help\Working\branding\codesnippet-cs-CZ.xslt
    C:\Program Files (x86)\Sandcastle\\Presentation\VS2010\branding\dev10.mshc/codesnippet-de-DE.xslt -> c:\ivrToolkit\Documentation\Help\Working\branding\codesnippet-de-DE.xslt
    C:\Program Files (x86)\Sandcastle\\Presentation\VS2010\branding\dev10.mshc/codesnippet-en-US.xslt -> c:\ivrToolkit\Documentation\Help\Working\branding\codesnippet-en-US.xslt
    C:\Program Files (x86)\Sandcastle\\Presentation\VS2010\branding\dev10.mshc/codesnippet-es-ES.xslt -> c:\ivrToolkit\Documentation\Help\Working\branding\codesnippet-es-ES.xslt
    C:\Program Files (x86)\Sandcastle\\Presentation\VS2010\branding\dev10.mshc/codesnippet-fr-FR.xslt -> c:\ivrToolkit\Documentation\Help\Working\branding\codesnippet-fr-FR.xslt
    C:\Program Files (x86)\Sandcastle\\Presentation\VS2010\branding\dev10.mshc/codesnippet-it-IT.xslt -> c:\ivrToolkit\Documentation\Help\Working\branding\codesnippet-it-IT.xslt
    C:\Program Files (x86)\Sandcastle\\Presentation\VS2010\branding\dev10.mshc/codesnippet-ja-JP.xslt -> c:\ivrToolkit\Documentation\Help\Working\branding\codesnippet-ja-JP.xslt
    C:\Program Files (x86)\Sandcastle\\Presentation\VS2010\branding\dev10.mshc/codesnippet-ko-KR.xslt -> c:\ivrToolkit\Documentation\Help\Working\branding\codesnippet-ko-KR.xslt
    C:\Program Files (x86)\Sandcastle\\Presentation\VS2010\branding\dev10.mshc/codesnippet-pl-PL.xslt -> c:\ivrToolkit\Documentation\Help\Working\branding\codesnippet-pl-PL.xslt
    C:\Program Files (x86)\Sandcastle\\Presentation\VS2010\branding\dev10.mshc/codesnippet-pt-BR.xslt -> c:\ivrToolkit\Documentation\Help\Working\branding\codesnippet-pt-BR.xslt
    C:\Program Files (x86)\Sandcastle\\Presentation\VS2010\branding\dev10.mshc/codesnippet-ru-RU.xslt -> c:\ivrToolkit\Documentation\Help\Working\branding\codesnippet-ru-RU.xslt
    C:\Program Files (x86)\Sandcastle\\Presentation\VS2010\branding\dev10.mshc/codesnippet-tr-TR.xslt -> c:\ivrToolkit\Documentation\Help\Working\branding\codesnippet-tr-TR.xslt
    C:\Program Files (x86)\Sandcastle\\Presentation\VS2010\branding\dev10.mshc/codesnippet-zh-CN.xslt -> c:\ivrToolkit\Documentation\Help\Working\branding\codesnippet-zh-CN.xslt
    C:\Program Files (x86)\Sandcastle\\Presentation\VS2010\branding\dev10.mshc/codesnippet-zh-TW.xslt -> c:\ivrToolkit\Documentation\Help\Working\branding\codesnippet-zh-TW.xslt
    C:\Program Files (x86)\Sandcastle\\Presentation\VS2010\branding\dev10.mshc/Identity.xslt -> c:\ivrToolkit\Documentation\Help\Working\branding\Identity.xslt
    C:\Program Files (x86)\Sandcastle\\Presentation\VS2010\branding\dev10.mshc/InstrumentedLink.xslt -> c:\ivrToolkit\Documentation\Help\Working\branding\InstrumentedLink.xslt
    C:\Program Files (x86)\Sandcastle\\Presentation\VS2010\branding\dev10.mshc/instrumentedlink-cs-CZ.xslt -> c:\ivrToolkit\Documentation\Help\Working\branding\instrumentedlink-cs-CZ.xslt
    C:\Program Files (x86)\Sandcastle\\Presentation\VS2010\branding\dev10.mshc/instrumentedlink-de-DE.xslt -> c:\ivrToolkit\Documentation\Help\Working\branding\instrumentedlink-de-DE.xslt
    C:\Program Files (x86)\Sandcastle\\Presentation\VS2010\branding\dev10.mshc/instrumentedlink-en-US.xslt -> c:\ivrToolkit\Documentation\Help\Working\branding\instrumentedlink-en-US.xslt
    C:\Program Files (x86)\Sandcastle\\Presentation\VS2010\branding\dev10.mshc/instrumentedlink-es-ES.xslt -> c:\ivrToolkit\Documentation\Help\Working\branding\instrumentedlink-es-ES.xslt
    C:\Program Files (x86)\Sandcastle\\Presentation\VS2010\branding\dev10.mshc/instrumentedlink-fr-FR.xslt -> c:\ivrToolkit\Documentation\Help\Working\branding\instrumentedlink-fr-FR.xslt
    C:\Program Files (x86)\Sandcastle\\Presentation\VS2010\branding\dev10.mshc/instrumentedlink-it-IT.xslt -> c:\ivrToolkit\Documentation\Help\Working\branding\instrumentedlink-it-IT.xslt
    C:\Program Files (x86)\Sandcastle\\Presentation\VS2010\branding\dev10.mshc/instrumentedlink-ja-JP.xslt -> c:\ivrToolkit\Documentation\Help\Working\branding\instrumentedlink-ja-JP.xslt
    C:\Program Files (x86)\Sandcastle\\Presentation\VS2010\branding\dev10.mshc/instrumentedlink-ko-KR.xslt -> c:\ivrToolkit\Documentation\Help\Working\branding\instrumentedlink-ko-KR.xslt
    C:\Program Files (x86)\Sandcastle\\Presentation\VS2010\branding\dev10.mshc/instrumentedlink-pl-PL.xslt -> c:\ivrToolkit\Documentation\Help\Working\branding\instrumentedlink-pl-PL.xslt
    C:\Program Files (x86)\Sandcastle\\Presentation\VS2010\branding\dev10.mshc/instrumentedlink-pt-BR.xslt -> c:\ivrToolkit\Documentation\Help\Working\branding\instrumentedlink-pt-BR.xslt
    C:\Program Files (x86)\Sandcastle\\Presentation\VS2010\branding\dev10.mshc/instrumentedlink-ru-RU.xslt -> c:\ivrToolkit\Documentation\Help\Working\branding\instrumentedlink-ru-RU.xslt
    C:\Program Files (x86)\Sandcastle\\Presentation\VS2010\branding\dev10.mshc/instrumentedlink-tr-TR.xslt -> c:\ivrToolkit\Documentation\Help\Working\branding\instrumentedlink-tr-TR.xslt
    C:\Program Files (x86)\Sandcastle\\Presentation\VS2010\branding\dev10.mshc/instrumentedlink-zh-CN.xslt -> c:\ivrToolkit\Documentation\Help\Working\branding\instrumentedlink-zh-CN.xslt
    C:\Program Files (x86)\Sandcastle\\Presentation\VS2010\branding\dev10.mshc/instrumentedlink-zh-TW.xslt -> c:\ivrToolkit\Documentation\Help\Working\branding\instrumentedlink-zh-TW.xslt
    C:\Program Files (x86)\Sandcastle\\Presentation\VS2010\branding\dev10.mshc/LanguageSpecificText.xslt -> c:\ivrToolkit\Documentation\Help\Working\branding\LanguageSpecificText.xslt
    C:\Program Files (x86)\Sandcastle\\Presentation\VS2010\branding\dev10.mshc/MultiViewTable.xslt -> c:\ivrToolkit\Documentation\Help\Working\branding\MultiViewTable.xslt
    C:\Program Files (x86)\Sandcastle\\Presentation\VS2010\branding\dev10.mshc/MultiViewTable-cs-CZ.xslt -> c:\ivrToolkit\Documentation\Help\Working\branding\MultiViewTable-cs-CZ.xslt
    C:\Program Files (x86)\Sandcastle\\Presentation\VS2010\branding\dev10.mshc/MultiViewTable-de-DE.xslt -> c:\ivrToolkit\Documentation\Help\Working\branding\MultiViewTable-de-DE.xslt
    C:\Program Files (x86)\Sandcastle\\Presentation\VS2010\branding\dev10.mshc/MultiViewTable-en-US.xslt -> c:\ivrToolkit\Documentation\Help\Working\branding\MultiViewTable-en-US.xslt
    C:\Program Files (x86)\Sandcastle\\Presentation\VS2010\branding\dev10.mshc/MultiViewTable-es-ES.xslt -> c:\ivrToolkit\Documentation\Help\Working\branding\MultiViewTable-es-ES.xslt
    C:\Program Files (x86)\Sandcastle\\Presentation\VS2010\branding\dev10.mshc/MultiViewTable-fr-FR.xslt -> c:\ivrToolkit\Documentation\Help\Working\branding\MultiViewTable-fr-FR.xslt
    C:\Program Files (x86)\Sandcastle\\Presentation\VS2010\branding\dev10.mshc/MultiViewTable-it-IT.xslt -> c:\ivrToolkit\Documentation\Help\Working\branding\MultiViewTable-it-IT.xslt
    C:\Program Files (x86)\Sandcastle\\Presentation\VS2010\branding\dev10.mshc/MultiViewTable-ja-JP.xslt -> c:\ivrToolkit\Documentation\Help\Working\branding\MultiViewTable-ja-JP.xslt
    C:\Program Files (x86)\Sandcastle\\Presentation\VS2010\branding\dev10.mshc/MultiViewTable-ko-KR.xslt -> c:\ivrToolkit\Documentation\Help\Working\branding\MultiViewTable-ko-KR.xslt
    C:\Program Files (x86)\Sandcastle\\Presentation\VS2010\branding\dev10.mshc/MultiViewTable-pl-PL.xslt -> c:\ivrToolkit\Documentation\Help\Working\branding\MultiViewTable-pl-PL.xslt
    C:\Program Files (x86)\Sandcastle\\Presentation\VS2010\branding\dev10.mshc/MultiViewTable-pt-BR.xslt -> c:\ivrToolkit\Documentation\Help\Working\branding\MultiViewTable-pt-BR.xslt
    C:\Program Files (x86)\Sandcastle\\Presentation\VS2010\branding\dev10.mshc/MultiViewTable-ru-RU.xslt -> c:\ivrToolkit\Documentation\Help\Working\branding\MultiViewTable-ru-RU.xslt
    C:\Program Files (x86)\Sandcastle\\Presentation\VS2010\branding\dev10.mshc/MultiViewTable-tr-TR.xslt -> c:\ivrToolkit\Documentation\Help\Working\branding\MultiViewTable-tr-TR.xslt
    C:\Program Files (x86)\Sandcastle\\Presentation\VS2010\branding\dev10.mshc/MultiViewTable-zh-CN.xslt -> c:\ivrToolkit\Documentation\Help\Working\branding\MultiViewTable-zh-CN.xslt
    C:\Program Files (x86)\Sandcastle\\Presentation\VS2010\branding\dev10.mshc/MultiViewTable-zh-TW.xslt -> c:\ivrToolkit\Documentation\Help\Working\branding\MultiViewTable-zh-TW.xslt
    C:\Program Files (x86)\Sandcastle\\Presentation\VS2010\branding\dev10.mshc/index.xslt -> c:\ivrToolkit\Documentation\Help\Working\branding\index.xslt
    C:\Program Files (x86)\Sandcastle\\Presentation\VS2010\branding\dev10.mshc/index-cs-CZ.xslt -> c:\ivrToolkit\Documentation\Help\Working\branding\index-cs-CZ.xslt
    C:\Program Files (x86)\Sandcastle\\Presentation\VS2010\branding\dev10.mshc/index-de-DE.xslt -> c:\ivrToolkit\Documentation\Help\Working\branding\index-de-DE.xslt
    C:\Program Files (x86)\Sandcastle\\Presentation\VS2010\branding\dev10.mshc/index-en-US.xslt -> c:\ivrToolkit\Documentation\Help\Working\branding\index-en-US.xslt
    C:\Program Files (x86)\Sandcastle\\Presentation\VS2010\branding\dev10.mshc/index-es-ES.xslt -> c:\ivrToolkit\Documentation\Help\Working\branding\index-es-ES.xslt
    C:\Program Files (x86)\Sandcastle\\Presentation\VS2010\branding\dev10.mshc/index-fr-FR.xslt -> c:\ivrToolkit\Documentation\Help\Working\branding\index-fr-FR.xslt
    C:\Program Files (x86)\Sandcastle\\Presentation\VS2010\branding\dev10.mshc/index-it-IT.xslt -> c:\ivrToolkit\Documentation\Help\Working\branding\index-it-IT.xslt
    C:\Program Files (x86)\Sandcastle\\Presentation\VS2010\branding\dev10.mshc/index-ja-JP.xslt -> c:\ivrToolkit\Documentation\Help\Working\branding\index-ja-JP.xslt
    C:\Program Files (x86)\Sandcastle\\Presentation\VS2010\branding\dev10.mshc/index-ko-KR.xslt -> c:\ivrToolkit\Documentation\Help\Working\branding\index-ko-KR.xslt
    C:\Program Files (x86)\Sandcastle\\Presentation\VS2010\branding\dev10.mshc/index-pl-PL.xslt -> c:\ivrToolkit\Documentation\Help\Working\branding\index-pl-PL.xslt
    C:\Program Files (x86)\Sandcastle\\Presentation\VS2010\branding\dev10.mshc/index-pt-BR.xslt -> c:\ivrToolkit\Documentation\Help\Working\branding\index-pt-BR.xslt
    C:\Program Files (x86)\Sandcastle\\Presentation\VS2010\branding\dev10.mshc/index-ru-RU.xslt -> c:\ivrToolkit\Documentation\Help\Working\branding\index-ru-RU.xslt
    C:\Program Files (x86)\Sandcastle\\Presentation\VS2010\branding\dev10.mshc/index-tr-TR.xslt -> c:\ivrToolkit\Documentation\Help\Working\branding\index-tr-TR.xslt
    C:\Program Files (x86)\Sandcastle\\Presentation\VS2010\branding\dev10.mshc/index-zh-CN.xslt -> c:\ivrToolkit\Documentation\Help\Working\branding\index-zh-CN.xslt
    C:\Program Files (x86)\Sandcastle\\Presentation\VS2010\branding\dev10.mshc/index-zh-TW.xslt -> c:\ivrToolkit\Documentation\Help\Working\branding\index-zh-TW.xslt
    C:\Program Files (x86)\Sandcastle\\Presentation\VS2010\branding\dev10.mshc/search.xslt -> c:\ivrToolkit\Documentation\Help\Working\branding\search.xslt
    C:\Program Files (x86)\Sandcastle\\Presentation\VS2010\branding\dev10.mshc/search-cs-CZ.xslt -> c:\ivrToolkit\Documentation\Help\Working\branding\search-cs-CZ.xslt
    C:\Program Files (x86)\Sandcastle\\Presentation\VS2010\branding\dev10.mshc/search-de-DE.xslt -> c:\ivrToolkit\Documentation\Help\Working\branding\search-de-DE.xslt
    C:\Program Files (x86)\Sandcastle\\Presentation\VS2010\branding\dev10.mshc/search-en-US.xslt -> c:\ivrToolkit\Documentation\Help\Working\branding\search-en-US.xslt
    C:\Program Files (x86)\Sandcastle\\Presentation\VS2010\branding\dev10.mshc/search-es-ES.xslt -> c:\ivrToolkit\Documentation\Help\Working\branding\search-es-ES.xslt
    C:\Program Files (x86)\Sandcastle\\Presentation\VS2010\branding\dev10.mshc/search-fr-FR.xslt -> c:\ivrToolkit\Documentation\Help\Working\branding\search-fr-FR.xslt
    C:\Program Files (x86)\Sandcastle\\Presentation\VS2010\branding\dev10.mshc/search-it-IT.xslt -> c:\ivrToolkit\Documentation\Help\Working\branding\search-it-IT.xslt
    C:\Program Files (x86)\Sandcastle\\Presentation\VS2010\branding\dev10.mshc/search-ja-JP.xslt -> c:\ivrToolkit\Documentation\Help\Working\branding\search-ja-JP.xslt
    C:\Program Files (x86)\Sandcastle\\Presentation\VS2010\branding\dev10.mshc/search-ko-KR.xslt -> c:\ivrToolkit\Documentation\Help\Working\branding\search-ko-KR.xslt
    C:\Program Files (x86)\Sandcastle\\Presentation\VS2010\branding\dev10.mshc/search-pl-PL.xslt -> c:\ivrToolkit\Documentation\Help\Working\branding\search-pl-PL.xslt
    C:\Program Files (x86)\Sandcastle\\Presentation\VS2010\branding\dev10.mshc/search-pt-BR.xslt -> c:\ivrToolkit\Documentation\Help\Working\branding\search-pt-BR.xslt
    C:\Program Files (x86)\Sandcastle\\Presentation\VS2010\branding\dev10.mshc/search-ru-RU.xslt -> c:\ivrToolkit\Documentation\Help\Working\branding\search-ru-RU.xslt
    C:\Program Files (x86)\Sandcastle\\Presentation\VS2010\branding\dev10.mshc/search-tr-TR.xslt -> c:\ivrToolkit\Documentation\Help\Working\branding\search-tr-TR.xslt
    C:\Program Files (x86)\Sandcastle\\Presentation\VS2010\branding\dev10.mshc/search-zh-CN.xslt -> c:\ivrToolkit\Documentation\Help\Working\branding\search-zh-CN.xslt
    C:\Program Files (x86)\Sandcastle\\Presentation\VS2010\branding\dev10.mshc/search-zh-TW.xslt -> c:\ivrToolkit\Documentation\Help\Working\branding\search-zh-TW.xslt
    C:\Program Files (x86)\Sandcastle\\Presentation\VS2010\branding\dev10.mshc/toc.xslt -> c:\ivrToolkit\Documentation\Help\Working\branding\toc.xslt
    C:\Program Files (x86)\Sandcastle\\Presentation\VS2010\branding\dev10.mshc/toc-cs-CZ.xslt -> c:\ivrToolkit\Documentation\Help\Working\branding\toc-cs-CZ.xslt
    C:\Program Files (x86)\Sandcastle\\Presentation\VS2010\branding\dev10.mshc/toc-de-DE.xslt -> c:\ivrToolkit\Documentation\Help\Working\branding\toc-de-DE.xslt
    C:\Program Files (x86)\Sandcastle\\Presentation\VS2010\branding\dev10.mshc/toc-en-US.xslt -> c:\ivrToolkit\Documentation\Help\Working\branding\toc-en-US.xslt
    C:\Program Files (x86)\Sandcastle\\Presentation\VS2010\branding\dev10.mshc/toc-es-ES.xslt -> c:\ivrToolkit\Documentation\Help\Working\branding\toc-es-ES.xslt
    C:\Program Files (x86)\Sandcastle\\Presentation\VS2010\branding\dev10.mshc/toc-fr-FR.xslt -> c:\ivrToolkit\Documentation\Help\Working\branding\toc-fr-FR.xslt
    C:\Program Files (x86)\Sandcastle\\Presentation\VS2010\branding\dev10.mshc/toc-it-IT.xslt -> c:\ivrToolkit\Documentation\Help\Working\branding\toc-it-IT.xslt
    C:\Program Files (x86)\Sandcastle\\Presentation\VS2010\branding\dev10.mshc/toc-ja-JP.xslt -> c:\ivrToolkit\Documentation\Help\Working\branding\toc-ja-JP.xslt
    C:\Program Files (x86)\Sandcastle\\Presentation\VS2010\branding\dev10.mshc/toc-ko-KR.xslt -> c:\ivrToolkit\Documentation\Help\Working\branding\toc-ko-KR.xslt
    C:\Program Files (x86)\Sandcastle\\Presentation\VS2010\branding\dev10.mshc/toc-pl-PL.xslt -> c:\ivrToolkit\Documentation\Help\Working\branding\toc-pl-PL.xslt
    C:\Program Files (x86)\Sandcastle\\Presentation\VS2010\branding\dev10.mshc/toc-pt-BR.xslt -> c:\ivrToolkit\Documentation\Help\Working\branding\toc-pt-BR.xslt
    C:\Program Files (x86)\Sandcastle\\Presentation\VS2010\branding\dev10.mshc/toc-ru-RU.xslt -> c:\ivrToolkit\Documentation\Help\Working\branding\toc-ru-RU.xslt
    C:\Program Files (x86)\Sandcastle\\Presentation\VS2010\branding\dev10.mshc/toc-tr-TR.xslt -> c:\ivrToolkit\Documentation\Help\Working\branding\toc-tr-TR.xslt
    C:\Program Files (x86)\Sandcastle\\Presentation\VS2010\branding\dev10.mshc/toc-zh-CN.xslt -> c:\ivrToolkit\Documentation\Help\Working\branding\toc-zh-CN.xslt
    C:\Program Files (x86)\Sandcastle\\Presentation\VS2010\branding\dev10.mshc/toc-zh-TW.xslt -> c:\ivrToolkit\Documentation\Help\Working\branding\toc-zh-TW.xslt
C:\Program Files (x86)\Sandcastle\\Presentation\VS2010\branding -&gt; c:\ivrToolkit\Documentation\Help\Working\Output\Website\branding\
C:\Program Files (x86)\Sandcastle\\Presentation\VS2010\branding -&gt; c:\ivrToolkit\Documentation\Help\Working\branding
    C:\Program Files (x86)\Sandcastle\Presentation\VS2010\branding\branding.xml -> c:\ivrToolkit\Documentation\Help\Working\branding\branding.xml
    C:\Program Files (x86)\Sandcastle\Presentation\VS2010\branding\branding.xslt -> c:\ivrToolkit\Documentation\Help\Working\branding\branding.xslt
    C:\Program Files (x86)\Sandcastle\Presentation\VS2010\branding\branding-cs-CZ.xslt -> c:\ivrToolkit\Documentation\Help\Working\branding\branding-cs-CZ.xslt
    C:\Program Files (x86)\Sandcastle\Presentation\VS2010\branding\branding-de-DE.xslt -> c:\ivrToolkit\Documentation\Help\Working\branding\branding-de-DE.xslt
    C:\Program Files (x86)\Sandcastle\Presentation\VS2010\branding\branding-en-US.xslt -> c:\ivrToolkit\Documentation\Help\Working\branding\branding-en-US.xslt
    C:\Program Files (x86)\Sandcastle\Presentation\VS2010\branding\branding-es-ES.xslt -> c:\ivrToolkit\Documentation\Help\Working\branding\branding-es-ES.xslt
    C:\Program Files (x86)\Sandcastle\Presentation\VS2010\branding\branding-fr-FR.xslt -> c:\ivrToolkit\Documentation\Help\Working\branding\branding-fr-FR.xslt
    C:\Program Files (x86)\Sandcastle\Presentation\VS2010\branding\branding-it-IT.xslt -> c:\ivrToolkit\Documentation\Help\Working\branding\branding-it-IT.xslt
    C:\Program Files (x86)\Sandcastle\Presentation\VS2010\branding\branding-ja-JP.xslt -> c:\ivrToolkit\Documentation\Help\Working\branding\branding-ja-JP.xslt
    C:\Program Files (x86)\Sandcastle\Presentation\VS2010\branding\branding-ko-KR.xslt -> c:\ivrToolkit\Documentation\Help\Working\branding\branding-ko-KR.xslt
    C:\Program Files (x86)\Sandcastle\Presentation\VS2010\branding\branding-pl-PL.xslt -> c:\ivrToolkit\Documentation\Help\Working\branding\branding-pl-PL.xslt
    C:\Program Files (x86)\Sandcastle\Presentation\VS2010\branding\branding-pt-BR.xslt -> c:\ivrToolkit\Documentation\Help\Working\branding\branding-pt-BR.xslt
    C:\Program Files (x86)\Sandcastle\Presentation\VS2010\branding\branding-ru-RU.xslt -> c:\ivrToolkit\Documentation\Help\Working\branding\branding-ru-RU.xslt
    C:\Program Files (x86)\Sandcastle\Presentation\VS2010\branding\branding-tr-TR.xslt -> c:\ivrToolkit\Documentation\Help\Working\branding\branding-tr-TR.xslt
    C:\Program Files (x86)\Sandcastle\Presentation\VS2010\branding\branding-zh-CN.xslt -> c:\ivrToolkit\Documentation\Help\Working\branding\branding-zh-CN.xslt
    C:\Program Files (x86)\Sandcastle\Presentation\VS2010\branding\branding-zh-TW.xslt -> c:\ivrToolkit\Documentation\Help\Working\branding\branding-zh-TW.xslt
    C:\Program Files (x86)\Sandcastle\Presentation\VS2010\branding\ps-body.xslt -> c:\ivrToolkit\Documentation\Help\Working\branding\ps-body.xslt
    C:\Program Files (x86)\Sandcastle\Presentation\VS2010\branding\ps-head.xslt -> c:\ivrToolkit\Documentation\Help\Working\branding\ps-head.xslt
    C:\Program Files (x86)\Sandcastle\Presentation\VS2010\branding\ps-foot.xslt -> c:\ivrToolkit\Documentation\Help\Working\branding\ps-foot.xslt
    C:\Program Files (x86)\Sandcastle\Presentation\VS2010\branding\ps-collapsibleArea.xslt -> c:\ivrToolkit\Documentation\Help\Working\branding\ps-collapsibleArea.xslt
    C:\Program Files (x86)\Sandcastle\Presentation\VS2010\branding\ps-instrumentedLink.xslt -> c:\ivrToolkit\Documentation\Help\Working\branding\ps-instrumentedLink.xslt
    C:\Program Files (x86)\Sandcastle\Presentation\VS2010\branding\ps-languageSpecificText.xslt -> c:\ivrToolkit\Documentation\Help\Working\branding\ps-languageSpecificText.xslt
    C:\Program Files (x86)\Sandcastle\Presentation\VS2010\branding\ps-codesnippet.xslt -> c:\ivrToolkit\Documentation\Help\Working\branding\ps-codesnippet.xslt
    Last step completed in 00:00:00.5541
</buildStep>
<buildStep step="CopyAdditionalContent">
Copying additional content files...
No additional content to copy
    Last step completed in 00:00:00.0000
</buildStep>
<buildStep step="MergeTablesOfContents">
Merging conceptual and additional tables of contents...
    Last step completed in 00:00:00.0000
</buildStep>
<buildStep step="GenerateIntermediateTableOfContents">
Generating intermediate table of contents file...
[C:\Windows\Microsoft.NET\Framework\v4.0.30319\MSBuild.exe]
  XslTransform (v2.7.2.0)
  Copyright &#184; 2006-2012, Microsoft Corporation, All Rights Reserved
  Info: Applying XSL transformation &#39;C:\Program Files (x86)\Sandcastle\\ProductionTransforms\CreateVSToc.xsl&#39;.
Generating conceptual content intermediate TOC file...
    Last step completed in 00:00:00.4401
</buildStep>
<buildStep step="CreateBuildAssemblerConfigs">
Creating Sandcastle configuration files...
    sandcastle.config
    Last step completed in 00:00:00.0130
</buildStep>
<buildStep step="MergeCustomConfigs">
Merging custom build component configurations
c:\ivrToolkit\Documentation\Help\Working\sandcastle.config
    Last step completed in 00:00:00.1130
</buildStep>
<buildStep step="BuildReferenceTopics">
Building reference help topics...
[C:\Windows\Microsoft.NET\Framework\v4.0.30319\MSBuild.exe]
  BuildAssembler (v2.7.2.0)
  Copyright &#184; 2006-2012, Microsoft Corporation, All Rights Reserved
  Info: Loading configuration...
  Info: Processing topics...
  Warn: ShowMissingComponent: [N:ivrToolkit.Core] Missing &lt;summary&gt; documentation
  Warn: ShowMissingComponent: [P:ivrToolkit.Core.AbstractScript.description] Missing &lt;summary&gt; documentation
  Warn: ShowMissingComponent: [M:ivrToolkit.Core.AbstractScript.execute] Missing &lt;summary&gt; documentation
  Warn: ShowMissingComponent: [M:ivrToolkit.Core.AbstractScript.execute] Missing &lt;returns&gt; documentation
  Warn: ShowMissingComponent: [P:ivrToolkit.Core.AbstractScript.line] Missing &lt;summary&gt; documentation
  Warn: ShowMissingComponent: [M:ivrToolkit.Core.ILine.getDigits(System.Int32,System.String)] Missing &lt;param name=&quot;terminators&quot;/&gt; documentation
  Warn: ShowMissingComponent: [P:ivrToolkit.Core.ILine.status] Missing &lt;summary&gt; documentation
  Warn: ShowMissingComponent: [T:ivrToolkit.Core.IScript] Missing &lt;summary&gt; documentation
  Warn: ShowMissingComponent: [P:ivrToolkit.Core.IScript.description] Missing &lt;summary&gt; documentation
  Warn: ShowMissingComponent: [M:ivrToolkit.Core.IScript.execute] Missing &lt;summary&gt; documentation
  Warn: ShowMissingComponent: [M:ivrToolkit.Core.IScript.execute] Missing &lt;returns&gt; documentation
  Warn: ShowMissingComponent: [P:ivrToolkit.Core.IScript.line] Missing &lt;summary&gt; documentation
  Warn: ShowMissingComponent: [T:ivrToolkit.Core.IVoice] Missing &lt;summary&gt; documentation
  Warn: ShowMissingComponent: [M:ivrToolkit.Core.IVoice.getLine(System.Int32)] Missing &lt;summary&gt; documentation
  Warn: ShowMissingComponent: [M:ivrToolkit.Core.IVoice.getLine(System.Int32)] Missing &lt;returns&gt; documentation
  Warn: ShowMissingComponent: [M:ivrToolkit.Core.IVoice.getLine(System.Int32)] Missing &lt;param name=&quot;lineNumber&quot;/&gt; documentation
  Warn: ShowMissingComponent: [M:ivrToolkit.Core.LineManager.getLineCount] Missing &lt;summary&gt; documentation
  Warn: ShowMissingComponent: [M:ivrToolkit.Core.LineManager.getLineCount] Missing &lt;returns&gt; documentation
  Warn: ShowMissingComponent: [M:ivrToolkit.Core.LineManager.releaseAll] Missing &lt;summary&gt; documentation
  Warn: ShowMissingComponent: [M:ivrToolkit.Core.LineManager.releaseLine(System.Int32)] Missing &lt;summary&gt; documentation
  Warn: ShowMissingComponent: [M:ivrToolkit.Core.LineManager.releaseLine(System.Int32)] Missing &lt;param name=&quot;lineNumber&quot;/&gt; documentation
  Warn: ShowMissingComponent: [T:ivrToolkit.Core.LineStatusTypes] Missing &lt;summary&gt; documentation
  Warn: ShowMissingComponent: [T:ivrToolkit.Core.ScriptManager] Missing &lt;summary&gt; documentation
  Warn: ShowMissingComponent: [M:ivrToolkit.Core.ScriptManager.#ctor(ivrToolkit.Core.ILine)] Missing &lt;param name=&quot;line&quot;/&gt; documentation
  Warn: ShowMissingComponent: [M:ivrToolkit.Core.ScriptManager.execute] Missing &lt;summary&gt; documentation
  Warn: ShowMissingComponent: [M:ivrToolkit.Core.ScriptManager.hasNext] Missing &lt;summary&gt; documentation
  Warn: ShowMissingComponent: [M:ivrToolkit.Core.ScriptManager.hasNext] Missing &lt;returns&gt; documentation
  Warn: ShowMissingComponent: [P:ivrToolkit.Core.ScriptManager.nextScript] Missing &lt;summary&gt; documentation
  Warn: ShowMissingComponent: [T:ivrToolkit.Core.ToneDetection] Missing &lt;summary&gt; documentation
  Warn: ShowMissingComponent: [N:ivrToolkit.Core.Exceptions] Missing &lt;summary&gt; documentation
  Warn: ShowMissingComponent: [T:ivrToolkit.Core.Exceptions.DisconnectedException] Missing &lt;summary&gt; documentation
  Warn: ShowMissingComponent: [M:ivrToolkit.Core.Exceptions.DisconnectedException.#ctor(System.String)] Missing &lt;param name=&quot;message&quot;/&gt; documentation
  Warn: ShowMissingComponent: [M:ivrToolkit.Core.Exceptions.DisconnectedException.#ctor(System.String,System.Exception)] Missing &lt;param name=&quot;message&quot;/&gt; documentation
  Warn: ShowMissingComponent: [M:ivrToolkit.Core.Exceptions.DisconnectedException.#ctor(System.String,System.Exception)] Missing &lt;param name=&quot;innerException&quot;/&gt; documentation
  Warn: ShowMissingComponent: [T:ivrToolkit.Core.Exceptions.GetDigitsTimeoutException] Missing &lt;summary&gt; documentation
  Warn: ShowMissingComponent: [M:ivrToolkit.Core.Exceptions.GetDigitsTimeoutException.#ctor(System.String)] Missing &lt;param name=&quot;message&quot;/&gt; documentation
  Warn: ShowMissingComponent: [M:ivrToolkit.Core.Exceptions.GetDigitsTimeoutException.#ctor(System.String,System.Exception)] Missing &lt;param name=&quot;message&quot;/&gt; documentation
  Warn: ShowMissingComponent: [M:ivrToolkit.Core.Exceptions.GetDigitsTimeoutException.#ctor(System.String,System.Exception)] Missing &lt;param name=&quot;innerException&quot;/&gt; documentation
  Warn: ShowMissingComponent: [T:ivrToolkit.Core.Exceptions.HangupException] Missing &lt;summary&gt; documentation
  Warn: ShowMissingComponent: [M:ivrToolkit.Core.Exceptions.HangupException.#ctor(System.String)] Missing &lt;param name=&quot;message&quot;/&gt; documentation
  Warn: ShowMissingComponent: [M:ivrToolkit.Core.Exceptions.HangupException.#ctor(System.String,System.Exception)] Missing &lt;param name=&quot;message&quot;/&gt; documentation
  Warn: ShowMissingComponent: [M:ivrToolkit.Core.Exceptions.HangupException.#ctor(System.String,System.Exception)] Missing &lt;param name=&quot;innerException&quot;/&gt; documentation
  Warn: ShowMissingComponent: [T:ivrToolkit.Core.Exceptions.StopException] Missing &lt;summary&gt; documentation
  Warn: ShowMissingComponent: [M:ivrToolkit.Core.Exceptions.StopException.#ctor(System.String)] Missing &lt;param name=&quot;message&quot;/&gt; documentation
  Warn: ShowMissingComponent: [M:ivrToolkit.Core.Exceptions.StopException.#ctor(System.String,System.Exception)] Missing &lt;param name=&quot;message&quot;/&gt; documentation
  Warn: ShowMissingComponent: [M:ivrToolkit.Core.Exceptions.StopException.#ctor(System.String,System.Exception)] Missing &lt;param name=&quot;innerException&quot;/&gt; documentation
  Warn: ShowMissingComponent: [T:ivrToolkit.Core.Exceptions.TooManyAttempts] Missing &lt;summary&gt; documentation
  Warn: ShowMissingComponent: [M:ivrToolkit.Core.Exceptions.TooManyAttempts.#ctor(System.String)] Missing &lt;param name=&quot;message&quot;/&gt; documentation
  Warn: ShowMissingComponent: [M:ivrToolkit.Core.Exceptions.TooManyAttempts.#ctor(System.String,System.Exception)] Missing &lt;param name=&quot;message&quot;/&gt; documentation
  Warn: ShowMissingComponent: [M:ivrToolkit.Core.Exceptions.TooManyAttempts.#ctor(System.String,System.Exception)] Missing &lt;param name=&quot;innerException&quot;/&gt; documentation
  Warn: ShowMissingComponent: [T:ivrToolkit.Core.Exceptions.VoiceException] Missing &lt;summary&gt; documentation
  Warn: ShowMissingComponent: [M:ivrToolkit.Core.Exceptions.VoiceException.#ctor(System.String)] Missing &lt;param name=&quot;message&quot;/&gt; documentation
  Warn: ShowMissingComponent: [M:ivrToolkit.Core.Exceptions.VoiceException.#ctor(System.String,System.Exception)] Missing &lt;param name=&quot;message&quot;/&gt; documentation
  Warn: ShowMissingComponent: [M:ivrToolkit.Core.Exceptions.VoiceException.#ctor(System.String,System.Exception)] Missing &lt;param name=&quot;innerException&quot;/&gt; documentation
  Warn: ShowMissingComponent: [N:ivrToolkit.Core.Util] Missing &lt;summary&gt; documentation
  Warn: ShowMissingComponent: [T:ivrToolkit.Core.Util.CustomTone] Missing &lt;summary&gt; documentation
  Warn: ShowMissingComponent: [M:ivrToolkit.Core.Util.CustomTone.#ctor(System.String)] Missing &lt;param name=&quot;definition&quot;/&gt; documentation
  Warn: ShowMissingComponent: [F:ivrToolkit.Core.Util.CustomTone.freq1] Missing &lt;summary&gt; documentation
  Warn: ShowMissingComponent: [F:ivrToolkit.Core.Util.CustomTone.freq2] Missing &lt;summary&gt; documentation
  Warn: ShowMissingComponent: [F:ivrToolkit.Core.Util.CustomTone.frq1dev] Missing &lt;summary&gt; documentation
  Warn: ShowMissingComponent: [F:ivrToolkit.Core.Util.CustomTone.frq2dev] Missing &lt;summary&gt; documentation
  Warn: ShowMissingComponent: [F:ivrToolkit.Core.Util.CustomTone.mode] Missing &lt;summary&gt; documentation
  Warn: ShowMissingComponent: [F:ivrToolkit.Core.Util.CustomTone.offtdev] Missing &lt;summary&gt; documentation
  Warn: ShowMissingComponent: [F:ivrToolkit.Core.Util.CustomTone.offtime] Missing &lt;summary&gt; documentation
  Warn: ShowMissingComponent: [F:ivrToolkit.Core.Util.CustomTone.ontdev] Missing &lt;summary&gt; documentation
  Warn: ShowMissingComponent: [F:ivrToolkit.Core.Util.CustomTone.ontime] Missing &lt;summary&gt; documentation
  Warn: ShowMissingComponent: [F:ivrToolkit.Core.Util.CustomTone.repcnt] Missing &lt;summary&gt; documentation
  Warn: ShowMissingComponent: [F:ivrToolkit.Core.Util.CustomTone.tid] Missing &lt;summary&gt; documentation
  Warn: ShowMissingComponent: [F:ivrToolkit.Core.Util.CustomTone.toneType] Missing &lt;summary&gt; documentation
  Warn: ShowMissingComponent: [T:ivrToolkit.Core.Util.CustomToneType] Missing &lt;summary&gt; documentation
  Warn: ShowMissingComponent: [T:ivrToolkit.Core.Util.Dial9Information] Missing &lt;summary&gt; documentation
  Warn: ShowMissingComponent: [F:ivrToolkit.Core.Util.Dial9Information.dialTone] Missing &lt;summary&gt; documentation
  Warn: ShowMissingComponent: [F:ivrToolkit.Core.Util.Dial9Information.enabled] Missing &lt;summary&gt; documentation
  Warn: ShowMissingComponent: [F:ivrToolkit.Core.Util.Dial9Information.fastBusy] Missing &lt;summary&gt; documentation
  Warn: ShowMissingComponent: [T:ivrToolkit.Core.Util.LineExtensions] Missing &lt;summary&gt; documentation
  Warn: ShowMissingComponent: [M:ivrToolkit.Core.Util.LineExtensions.playCharacters(ivrToolkit.Core.ILine,System.String)] Missing &lt;summary&gt; documentation
  Warn: ShowMissingComponent: [M:ivrToolkit.Core.Util.LineExtensions.playCharacters(ivrToolkit.Core.ILine,System.String)] Missing &lt;param name=&quot;line&quot;/&gt; documentation
  Warn: ShowMissingComponent: [M:ivrToolkit.Core.Util.LineExtensions.playCharacters(ivrToolkit.Core.ILine,System.String)] Missing &lt;param name=&quot;characters&quot;/&gt; documentation
  Warn: ShowMissingComponent: [M:ivrToolkit.Core.Util.LineExtensions.playDate(ivrToolkit.Core.ILine,System.DateTime,System.String)] Missing &lt;summary&gt; documentation
  Warn: ShowMissingComponent: [M:ivrToolkit.Core.Util.LineExtensions.playDate(ivrToolkit.Core.ILine,System.DateTime,System.String)] Missing &lt;param name=&quot;line&quot;/&gt; documentation
  Warn: ShowMissingComponent: [M:ivrToolkit.Core.Util.LineExtensions.playDate(ivrToolkit.Core.ILine,System.DateTime,System.String)] Missing &lt;param name=&quot;dateTime&quot;/&gt; documentation
  Warn: ShowMissingComponent: [M:ivrToolkit.Core.Util.LineExtensions.playDate(ivrToolkit.Core.ILine,System.DateTime,System.String)] Missing &lt;param name=&quot;mask&quot;/&gt; documentation
  Warn: ShowMissingComponent: [M:ivrToolkit.Core.Util.LineExtensions.playInteger(ivrToolkit.Core.ILine,System.Int64)] Missing &lt;summary&gt; documentation
  Warn: ShowMissingComponent: [M:ivrToolkit.Core.Util.LineExtensions.playInteger(ivrToolkit.Core.ILine,System.Int64)] Missing &lt;param name=&quot;line&quot;/&gt; documentation
  Warn: ShowMissingComponent: [M:ivrToolkit.Core.Util.LineExtensions.playInteger(ivrToolkit.Core.ILine,System.Int64)] Missing &lt;param name=&quot;number&quot;/&gt; documentation
  Warn: ShowMissingComponent: [M:ivrToolkit.Core.Util.LineExtensions.playMoney(ivrToolkit.Core.ILine,System.Double)] Missing &lt;summary&gt; documentation
  Warn: ShowMissingComponent: [M:ivrToolkit.Core.Util.LineExtensions.playMoney(ivrToolkit.Core.ILine,System.Double)] Missing &lt;param name=&quot;line&quot;/&gt; documentation
  Warn: ShowMissingComponent: [M:ivrToolkit.Core.Util.LineExtensions.playMoney(ivrToolkit.Core.ILine,System.Double)] Missing &lt;param name=&quot;number&quot;/&gt; documentation
  Warn: ShowMissingComponent: [M:ivrToolkit.Core.Util.LineExtensions.playNumber(ivrToolkit.Core.ILine,System.Double)] Missing &lt;summary&gt; documentation
  Warn: ShowMissingComponent: [M:ivrToolkit.Core.Util.LineExtensions.playNumber(ivrToolkit.Core.ILine,System.Double)] Missing &lt;param name=&quot;line&quot;/&gt; documentation
  Warn: ShowMissingComponent: [M:ivrToolkit.Core.Util.LineExtensions.playNumber(ivrToolkit.Core.ILine,System.Double)] Missing &lt;param name=&quot;number&quot;/&gt; documentation
  Warn: ShowMissingComponent: [M:ivrToolkit.Core.Util.LineExtensions.playOrdinal(ivrToolkit.Core.ILine,System.Int32)] Missing &lt;summary&gt; documentation
  Warn: ShowMissingComponent: [M:ivrToolkit.Core.Util.LineExtensions.playOrdinal(ivrToolkit.Core.ILine,System.Int32)] Missing &lt;param name=&quot;line&quot;/&gt; documentation
  Warn: ShowMissingComponent: [M:ivrToolkit.Core.Util.LineExtensions.playOrdinal(ivrToolkit.Core.ILine,System.Int32)] Missing &lt;param name=&quot;number&quot;/&gt; documentation
  Warn: ShowMissingComponent: [M:ivrToolkit.Core.Util.LineExtensions.playPhoneNumber(ivrToolkit.Core.ILine,System.String)] Missing &lt;summary&gt; documentation
  Warn: ShowMissingComponent: [M:ivrToolkit.Core.Util.LineExtensions.playPhoneNumber(ivrToolkit.Core.ILine,System.String)] Missing &lt;param name=&quot;line&quot;/&gt; documentation
  Warn: ShowMissingComponent: [M:ivrToolkit.Core.Util.LineExtensions.playPhoneNumber(ivrToolkit.Core.ILine,System.String)] Missing &lt;param name=&quot;phoneNumber&quot;/&gt; documentation
  Warn: ShowMissingComponent: [M:ivrToolkit.Core.Util.LineExtensions.playString(ivrToolkit.Core.ILine,System.String)] Missing &lt;summary&gt; documentation
  Warn: ShowMissingComponent: [M:ivrToolkit.Core.Util.LineExtensions.playString(ivrToolkit.Core.ILine,System.String)] Missing &lt;param name=&quot;line&quot;/&gt; documentation
  Warn: ShowMissingComponent: [M:ivrToolkit.Core.Util.LineExtensions.playString(ivrToolkit.Core.ILine,System.String)] Missing &lt;param name=&quot;str&quot;/&gt; documentation
  Warn: ShowMissingComponent: [T:ivrToolkit.Core.Util.Prompt] Missing &lt;summary&gt; documentation
  Warn: ShowMissingComponent: [M:ivrToolkit.Core.Util.Prompt.#ctor(ivrToolkit.Core.ILine)] Missing &lt;param name=&quot;line&quot;/&gt; documentation
  Warn: ShowMissingComponent: [P:ivrToolkit.Core.Util.Prompt.answer] Missing &lt;summary&gt; documentation
  Warn: ShowMissingComponent: [M:ivrToolkit.Core.Util.Prompt.ask] Missing &lt;summary&gt; documentation
  Warn: ShowMissingComponent: [M:ivrToolkit.Core.Util.Prompt.ask] Missing &lt;returns&gt; documentation
  Warn: ShowMissingComponent: [P:ivrToolkit.Core.Util.Prompt.attempts] Missing &lt;summary&gt; documentation
  Warn: ShowMissingComponent: [P:ivrToolkit.Core.Util.Prompt.catchTooManyAttempts] Missing &lt;summary&gt; documentation
  Warn: ShowMissingComponent: [P:ivrToolkit.Core.Util.Prompt.invalidAnswerMessage] Missing &lt;summary&gt; documentation
  Warn: ShowMissingComponent: [P:ivrToolkit.Core.Util.Prompt.numberOfDigits] Missing &lt;summary&gt; documentation
  Warn: ShowMissingComponent: [E:ivrToolkit.Core.Util.Prompt.onKeysEntered] Missing &lt;summary&gt; documentation
  Warn: ShowMissingComponent: [E:ivrToolkit.Core.Util.Prompt.onPrePlay] Missing &lt;summary&gt; documentation
  Warn: ShowMissingComponent: [E:ivrToolkit.Core.Util.Prompt.onSpecialTerminator] Missing &lt;summary&gt; documentation
  Warn: ShowMissingComponent: [E:ivrToolkit.Core.Util.Prompt.onValidation] Missing &lt;summary&gt; documentation
  Warn: ShowMissingComponent: [P:ivrToolkit.Core.Util.Prompt.promptMessage] Missing &lt;summary&gt; documentation
  Warn: ShowMissingComponent: [P:ivrToolkit.Core.Util.Prompt.specialTerminator] Missing &lt;summary&gt; documentation
  Warn: ShowMissingComponent: [P:ivrToolkit.Core.Util.Prompt.terminators] Missing &lt;summary&gt; documentation
  Warn: ShowMissingComponent: [P:ivrToolkit.Core.Util.Prompt.tooManyAttemptsMessage] Missing &lt;summary&gt; documentation
  Warn: ShowMissingComponent: [T:ivrToolkit.Core.Util.Prompt.KeysEnteredHandler] Missing &lt;summary&gt; documentation
  Warn: ShowMissingComponent: [T:ivrToolkit.Core.Util.Prompt.PrePlayHandler] Missing &lt;summary&gt; documentation
  Warn: ShowMissingComponent: [T:ivrToolkit.Core.Util.Prompt.SpecialTerminatorHandler] Missing &lt;summary&gt; documentation
  Warn: ShowMissingComponent: [T:ivrToolkit.Core.Util.Prompt.ValidationHandler] Missing &lt;summary&gt; documentation
  Warn: ShowMissingComponent: [T:ivrToolkit.Core.Util.PromptFunctions] Missing &lt;summary&gt; documentation
  Warn: ShowMissingComponent: [M:ivrToolkit.Core.Util.PromptFunctions.#ctor(ivrToolkit.Core.ILine)] Missing &lt;param name=&quot;line&quot;/&gt; documentation
  Warn: ShowMissingComponent: [M:ivrToolkit.Core.Util.PromptFunctions.customValidationPrompt(System.String,ivrToolkit.Core.Util.Prompt.ValidationHandler)] Missing &lt;returns&gt; documentation
  Warn: ShowMissingComponent: [M:ivrToolkit.Core.Util.PromptFunctions.getMenuStylePrompt] Missing &lt;returns&gt; documentation
  Warn: ShowMissingComponent: [M:ivrToolkit.Core.Util.PromptFunctions.getRegularStylePrompt] Missing &lt;returns&gt; documentation
  Warn: ShowMissingComponent: [M:ivrToolkit.Core.Util.PromptFunctions.singleDigitPrompt(System.String,System.String,System.Int32,System.Int32,System.Boolean)] Missing &lt;summary&gt; documentation
  Warn: ShowMissingComponent: [M:ivrToolkit.Core.Util.PromptFunctions.singleDigitPrompt(System.String,System.String,System.Int32,System.Int32,System.Boolean)] Missing &lt;returns&gt; documentation
  Warn: ShowMissingComponent: [M:ivrToolkit.Core.Util.PromptFunctions.singleDigitPrompt(System.String,System.String,System.Int32,System.Int32,System.Boolean)] Missing &lt;param name=&quot;promptMessage&quot;/&gt; documentation
  Warn: ShowMissingComponent: [M:ivrToolkit.Core.Util.PromptFunctions.singleDigitPrompt(System.String,System.String,System.Int32,System.Int32,System.Boolean)] Missing &lt;param name=&quot;allowed&quot;/&gt; documentation
  Warn: ShowMissingComponent: [M:ivrToolkit.Core.Util.PromptFunctions.singleDigitPrompt(System.String,System.String,System.Int32,System.Int32,System.Boolean)] Missing &lt;param name=&quot;attemptsOverride&quot;/&gt; documentation
  Warn: ShowMissingComponent: [M:ivrToolkit.Core.Util.PromptFunctions.singleDigitPrompt(System.String,System.String,System.Int32,System.Int32,System.Boolean)] Missing &lt;param name=&quot;timeoutOverride&quot;/&gt; documentation
  Warn: ShowMissingComponent: [M:ivrToolkit.Core.Util.PromptFunctions.singleDigitPrompt(System.String,System.String,System.Int32,System.Int32,System.Boolean)] Missing &lt;param name=&quot;catchTooManyAttempts&quot;/&gt; documentation
  Warn: ShowMissingComponent: [M:ivrToolkit.Core.Util.Properties.getPrefixMatch(System.String)] Missing &lt;summary&gt; documentation
  Warn: ShowMissingComponent: [M:ivrToolkit.Core.Util.Properties.getPrefixMatch(System.String)] Missing &lt;returns&gt; documentation
  Warn: ShowMissingComponent: [M:ivrToolkit.Core.Util.Properties.getPrefixMatch(System.String)] Missing &lt;param name=&quot;prefix&quot;/&gt; documentation
  Warn: ShowMissingComponent: [M:ivrToolkit.Core.Util.Properties.getProperty(System.String,System.String)] Missing &lt;summary&gt; documentation
  Warn: ShowMissingComponent: [M:ivrToolkit.Core.Util.Properties.getProperty(System.String,System.String)] Missing &lt;returns&gt; documentation
  Warn: ShowMissingComponent: [M:ivrToolkit.Core.Util.Properties.getProperty(System.String,System.String)] Missing &lt;param name=&quot;key&quot;/&gt; documentation
  Warn: ShowMissingComponent: [M:ivrToolkit.Core.Util.Properties.getProperty(System.String,System.String)] Missing &lt;param name=&quot;def&quot;/&gt; documentation
  Warn: ShowMissingComponent: [P:ivrToolkit.Core.Util.VoiceProperties.assemblyName] Missing &lt;summary&gt; documentation
  Warn: ShowMissingComponent: [P:ivrToolkit.Core.Util.VoiceProperties.className] Missing &lt;summary&gt; documentation
  Warn: ShowMissingComponent: [P:ivrToolkit.Core.Util.VoiceProperties.current] Missing &lt;summary&gt; documentation
  Warn: ShowMissingComponent: [P:ivrToolkit.Core.Util.VoiceProperties.customOutboundEnabled] Missing &lt;summary&gt; documentation
  Warn: ShowMissingComponent: [P:ivrToolkit.Core.Util.VoiceProperties.dialTone] Missing &lt;summary&gt; documentation
  Warn: ShowMissingComponent: [P:ivrToolkit.Core.Util.VoiceProperties.dialToneType] Missing &lt;summary&gt; documentation
  Warn: ShowMissingComponent: [P:ivrToolkit.Core.Util.VoiceProperties.digitsTimeoutInMilli] Missing &lt;summary&gt; documentation
  Warn: ShowMissingComponent: [M:ivrToolkit.Core.Util.VoiceProperties.getKeyPrefixMatch(System.String)] Missing &lt;summary&gt; documentation
  Warn: ShowMissingComponent: [M:ivrToolkit.Core.Util.VoiceProperties.getKeyPrefixMatch(System.String)] Missing &lt;returns&gt; documentation
  Warn: ShowMissingComponent: [M:ivrToolkit.Core.Util.VoiceProperties.getKeyPrefixMatch(System.String)] Missing &lt;param name=&quot;prefix&quot;/&gt; documentation
  Warn: ShowMissingComponent: [M:ivrToolkit.Core.Util.VoiceProperties.getPrefixMatch(System.String)] Missing &lt;summary&gt; documentation
  Warn: ShowMissingComponent: [M:ivrToolkit.Core.Util.VoiceProperties.getPrefixMatch(System.String)] Missing &lt;returns&gt; documentation
  Warn: ShowMissingComponent: [M:ivrToolkit.Core.Util.VoiceProperties.getPrefixMatch(System.String)] Missing &lt;param name=&quot;prefix&quot;/&gt; documentation
  Warn: ShowMissingComponent: [M:ivrToolkit.Core.Util.VoiceProperties.getProperty(System.String)] Missing &lt;summary&gt; documentation
  Warn: ShowMissingComponent: [M:ivrToolkit.Core.Util.VoiceProperties.getProperty(System.String)] Missing &lt;returns&gt; documentation
  Warn: ShowMissingComponent: [M:ivrToolkit.Core.Util.VoiceProperties.getProperty(System.String)] Missing &lt;param name=&quot;name&quot;/&gt; documentation
  Warn: ShowMissingComponent: [M:ivrToolkit.Core.Util.VoiceProperties.getProperty(System.String,System.String)] Missing &lt;summary&gt; documentation
  Warn: ShowMissingComponent: [M:ivrToolkit.Core.Util.VoiceProperties.getProperty(System.String,System.String)] Missing &lt;returns&gt; documentation
  Warn: ShowMissingComponent: [M:ivrToolkit.Core.Util.VoiceProperties.getProperty(System.String,System.String)] Missing &lt;param name=&quot;name&quot;/&gt; documentation
  Warn: ShowMissingComponent: [M:ivrToolkit.Core.Util.VoiceProperties.getProperty(System.String,System.String)] Missing &lt;param name=&quot;def&quot;/&gt; documentation
  Warn: ShowMissingComponent: [M:ivrToolkit.Core.Util.VoiceProperties.isCheck(System.String)] Missing &lt;summary&gt; documentation
  Warn: ShowMissingComponent: [M:ivrToolkit.Core.Util.VoiceProperties.isCheck(System.String)] Missing &lt;returns&gt; documentation
  Warn: ShowMissingComponent: [M:ivrToolkit.Core.Util.VoiceProperties.isCheck(System.String)] Missing &lt;param name=&quot;value&quot;/&gt; documentation
  Warn: ShowMissingComponent: [P:ivrToolkit.Core.Util.VoiceProperties.noFreeLineTone] Missing &lt;summary&gt; documentation
  Warn: ShowMissingComponent: [P:ivrToolkit.Core.Util.VoiceProperties.preTestDialTone] Missing &lt;summary&gt; documentation
  Warn: ShowMissingComponent: [P:ivrToolkit.Core.Util.VoiceProperties.promptAttempts] Missing &lt;summary&gt; documentation
  Info: Processed 216 topics
    Last step completed in 00:00:39.7600
</buildStep>
<buildStep step="CombiningIntermediateTocFiles">
Combining conceptual and API intermediate TOC files...

Clearing any prior web output
    Last step completed in 00:00:00.0060
</buildStep>
<buildStep step="ExtractingHtmlInfo">
Extracting HTML info for HTML Help 1 and/or website...
[C:\Windows\Microsoft.NET\Framework\v4.0.30319\MSBuild.exe]
Sandcastle Help File Builder, version 1.9.6.0
Copyright &#184; 2006-2012, Eric Woodruff, All Rights Reserved
E-Mail: Eric@EWoodruff.us

Using LCID &#39;1033&#39;, code page &#39;65001&#39;, encoding charset &#39;UTF-8&#39;.

Processing website files in c:\ivrToolkit\Documentation\Help\Working\Output\Website
Processed 216 HTML files
Sorting keywords and generating See Also indices
Saving website keyword index to c:\ivrToolkit\Documentation\Help\Working\WebKI.xml
Saving website table of contents to c:\ivrToolkit\Documentation\Help\Working\WebTOC.xml
    Last step completed in 00:00:00.6901
</buildStep>
<buildStep step="GenerateHelpFormatTableOfContents">
Generating website table of contents file...
    Last step completed in 00:00:00.0010
</buildStep>
<buildStep step="GenerateFullTextIndex">
Generating full-text index for the website...

    Last step completed in 00:00:00.9341
</buildStep>
<buildStep step="CopyingWebsiteFiles">
Copying website files to output folder...

Copied 100 files
Copied 200 files
Copied 300 files
Copied 311 files for the website content
    Last step completed in 00:00:00.6141
</buildStep>
<buildStep step="CleanIntermediates">
Removing intermediate files...
    Last step completed in 00:00:00.2060
</buildStep>
<buildStep step="Completed">

Build completed successfully at 03/22/2013 11:26 AM.  Total time: 00:00:46.0918

</buildStep>
</shfbBuild>
